[2025-11-25 07:40:36] GET verification failed. Got token: 
[2025-11-25 07:40:54] GET verified: my_verify_token_123
[2025-11-25 07:43:31] GET verified: my_verify_token_123
[2025-11-25 07:48:47] POST raw: {"object":"whatsapp_business_account","entry":[{"id":"1045071264380567","changes":[{"value":{"messaging_product":"whatsapp","metadata":{"display_phone_number":"15556164705","phone_number_id":"931811476671891"},"contacts":[{"profile":{"name":"Hiwot"},"wa_id":"251982622584"}],"messages":[{"from":"251982622584","id":"wamid.HBgMMjUxOTgyNjIyNTg0FQIAEhggQUNGOTQxMEJBOTM0NDhGNDRBMzRGQjQyQTdCNkRCQzQA","timestamp":"1764053325","text":{"body":"Oh thank you"},"type":"text"}]},"field":"messages"}]}]}
[2025-11-25 07:48:47] Message from 251982622584 type text text: Oh thank you
[2025-11-25 07:48:47] POST raw: {"object":"whatsapp_business_account","entry":[{"id":"1045071264380567","changes":[{"value":{"messaging_product":"whatsapp","metadata":{"display_phone_number":"15556164705","phone_number_id":"931811476671891"},"contacts":[{"profile":{"name":"Hiwot"},"wa_id":"251982622584"}],"messages":[{"from":"251982622584","id":"wamid.HBgMMjUxOTgyNjIyNTg0FQIAEhggQUNGOTQxMEJBOTM0NDhGNDRBMzRGQjQyQTdCNkRCQzQA","timestamp":"1764053325","text":{"body":"Oh thank you"},"type":"text"}]},"field":"messages"}]}]}
[2025-11-25 07:48:47] Message from 251982622584 type text text: Oh thank you
[2025-11-25 07:48:49] Send response: {"http":200,"response":{"messaging_product":"whatsapp","contacts":[{"input":"251982622584","wa_id":"251982622584"}],"messages":[{"id":"wamid.HBgMMjUxOTgyNjIyNTg0FQIAERgSREI3MUFEQzA5NDMxOUY4MkI1AA=="}]}}
[2025-11-25 07:48:49] Send response: {"http":200,"response":{"messaging_product":"whatsapp","contacts":[{"input":"251982622584","wa_id":"251982622584"}],"messages":[{"id":"wamid.HBgMMjUxOTgyNjIyNTg0FQIAERgSQTQzNTBERkMxMTFBNkZFQTA4AA=="}]}}
[2025-11-25 07:48:49] POST raw: {"object":"whatsapp_business_account","entry":[{"id":"1045071264380567","changes":[{"value":{"messaging_product":"whatsapp","metadata":{"display_phone_number":"15556164705","phone_number_id":"931811476671891"},"statuses":[{"id":"wamid.HBgMMjUxOTgyNjIyNTg0FQIAERgSQTQzNTBERkMxMTFBNkZFQTA4AA==","status":"sent","timestamp":"1764053329","recipient_id":"251982622584","pricing":{"billable":false,"pricing_model":"PMP","category":"service","type":"free_customer_service"}}]},"field":"messages"}]}]}
[2025-11-25 07:48:49] No message object in payload
[2025-11-25 07:48:50] POST raw: {"object":"whatsapp_business_account","entry":[{"id":"1045071264380567","changes":[{"value":{"messaging_product":"whatsapp","metadata":{"display_phone_number":"15556164705","phone_number_id":"931811476671891"},"statuses":[{"id":"wamid.HBgMMjUxOTgyNjIyNTg0FQIAERgSQTQzNTBERkMxMTFBNkZFQTA4AA==","status":"sent","timestamp":"1764053329","recipient_id":"251982622584","pricing":{"billable":false,"pricing_model":"PMP","category":"service","type":"free_customer_service"}}]},"field":"messages"}]}]}
[2025-11-25 07:48:50] No message object in payload
[2025-11-25 07:48:50] POST raw: {"object":"whatsapp_business_account","entry":[{"id":"1045071264380567","changes":[{"value":{"messaging_product":"whatsapp","metadata":{"display_phone_number":"15556164705","phone_number_id":"931811476671891"},"statuses":[{"id":"wamid.HBgMMjUxOTgyNjIyNTg0FQIAERgSREI3MUFEQzA5NDMxOUY4MkI1AA==","status":"sent","timestamp":"1764053329","recipient_id":"251982622584","pricing":{"billable":false,"pricing_model":"PMP","category":"service","type":"free_customer_service"}}]},"field":"messages"}]}]}
[2025-11-25 07:48:50] No message object in payload
[2025-11-25 07:48:50] POST raw: {"object":"whatsapp_business_account","entry":[{"id":"1045071264380567","changes":[{"value":{"messaging_product":"whatsapp","metadata":{"display_phone_number":"15556164705","phone_number_id":"931811476671891"},"statuses":[{"id":"wamid.HBgMMjUxOTgyNjIyNTg0FQIAERgSREI3MUFEQzA5NDMxOUY4MkI1AA==","status":"sent","timestamp":"1764053329","recipient_id":"251982622584","pricing":{"billable":false,"pricing_model":"PMP","category":"service","type":"free_customer_service"}}]},"field":"messages"}]}]}
[2025-11-25 07:48:50] No message object in payload
[2025-11-25 07:48:50] POST raw: {"object":"whatsapp_business_account","entry":[{"id":"1045071264380567","changes":[{"value":{"messaging_product":"whatsapp","metadata":{"display_phone_number":"15556164705","phone_number_id":"931811476671891"},"statuses":[{"id":"wamid.HBgMMjUxOTgyNjIyNTg0FQIAERgSREI3MUFEQzA5NDMxOUY4MkI1AA==","status":"read","timestamp":"1764053329","recipient_id":"251982622584","pricing":{"billable":false,"pricing_model":"PMP","category":"service","type":"free_customer_service"}}]},"field":"messages"}]}]}
[2025-11-25 07:48:50] No message object in payload
[2025-11-25 07:48:50] POST raw: {"object":"whatsapp_business_account","entry":[{"id":"1045071264380567","changes":[{"value":{"messaging_product":"whatsapp","metadata":{"display_phone_number":"15556164705","phone_number_id":"931811476671891"},"statuses":[{"id":"wamid.HBgMMjUxOTgyNjIyNTg0FQIAERgSQTQzNTBERkMxMTFBNkZFQTA4AA==","status":"read","timestamp":"1764053329","recipient_id":"251982622584","pricing":{"billable":false,"pricing_model":"PMP","category":"service","type":"free_customer_service"}}]},"field":"messages"}]}]}
[2025-11-25 07:48:50] No message object in payload
[2025-11-25 07:48:50] POST raw: {"object":"whatsapp_business_account","entry":[{"id":"1045071264380567","changes":[{"value":{"messaging_product":"whatsapp","metadata":{"display_phone_number":"15556164705","phone_number_id":"931811476671891"},"statuses":[{"id":"wamid.HBgMMjUxOTgyNjIyNTg0FQIAERgSREI3MUFEQzA5NDMxOUY4MkI1AA==","status":"read","timestamp":"1764053329","recipient_id":"251982622584","pricing":{"billable":false,"pricing_model":"PMP","category":"service","type":"free_customer_service"}}]},"field":"messages"}]}]}
[2025-11-25 07:48:50] No message object in payload
[2025-11-25 07:48:51] POST raw: {"object":"whatsapp_business_account","entry":[{"id":"1045071264380567","changes":[{"value":{"messaging_product":"whatsapp","metadata":{"display_phone_number":"15556164705","phone_number_id":"931811476671891"},"statuses":[{"id":"wamid.HBgMMjUxOTgyNjIyNTg0FQIAERgSQTQzNTBERkMxMTFBNkZFQTA4AA==","status":"read","timestamp":"1764053329","recipient_id":"251982622584","pricing":{"billable":false,"pricing_model":"PMP","category":"service","type":"free_customer_service"}}]},"field":"messages"}]}]}
[2025-11-25 07:48:51] No message object in payload
[2025-11-25 07:49:23] POST raw: {"object":"whatsapp_business_account","entry":[{"id":"1045071264380567","changes":[{"value":{"messaging_product":"whatsapp","metadata":{"display_phone_number":"15556164705","phone_number_id":"931811476671891"},"contacts":[{"profile":{"name":"Hiwot"},"wa_id":"251982622584"}],"messages":[{"from":"251982622584","id":"wamid.HBgMMjUxOTgyNjIyNTg0FQIAEhggQUNBRDNDOENFRDVEMEE4NkU0MTI0MUU2MjY1NDk5ODEA","timestamp":"1764053362","text":{"body":"Menu"},"type":"text"}]},"field":"messages"}]}]}
[2025-11-25 07:49:23] Message from 251982622584 type text text: Menu
[2025-11-25 07:49:24] POST raw: {"object":"whatsapp_business_account","entry":[{"id":"1045071264380567","changes":[{"value":{"messaging_product":"whatsapp","metadata":{"display_phone_number":"15556164705","phone_number_id":"931811476671891"},"contacts":[{"profile":{"name":"Hiwot"},"wa_id":"251982622584"}],"messages":[{"from":"251982622584","id":"wamid.HBgMMjUxOTgyNjIyNTg0FQIAEhggQUNBRDNDOENFRDVEMEE4NkU0MTI0MUU2MjY1NDk5ODEA","timestamp":"1764053362","text":{"body":"Menu"},"type":"text"}]},"field":"messages"}]}]}
[2025-11-25 07:49:24] Message from 251982622584 type text text: Menu
[2025-11-25 07:49:25] Send response: {"http":200,"response":{"messaging_product":"whatsapp","contacts":[{"input":"251982622584","wa_id":"251982622584"}],"messages":[{"id":"wamid.HBgMMjUxOTgyNjIyNTg0FQIAERgSQjIxQkRBMzQyOUMyRTcwOTk0AA=="}]}}
[2025-11-25 07:49:25] Send response: {"http":200,"response":{"messaging_product":"whatsapp","contacts":[{"input":"251982622584","wa_id":"251982622584"}],"messages":[{"id":"wamid.HBgMMjUxOTgyNjIyNTg0FQIAERgSN0M1MkE1NUJENTY0Q0NERTlEAA=="}]}}
[2025-11-25 07:49:25] POST raw: {"object":"whatsapp_business_account","entry":[{"id":"1045071264380567","changes":[{"value":{"messaging_product":"whatsapp","metadata":{"display_phone_number":"15556164705","phone_number_id":"931811476671891"},"statuses":[{"id":"wamid.HBgMMjUxOTgyNjIyNTg0FQIAERgSQjIxQkRBMzQyOUMyRTcwOTk0AA==","status":"sent","timestamp":"1764053365","recipient_id":"251982622584","pricing":{"billable":false,"pricing_model":"PMP","category":"service","type":"free_customer_service"}}]},"field":"messages"}]}]}
[2025-11-25 07:49:25] No message object in payload
[2025-11-25 07:49:26] POST raw: {"object":"whatsapp_business_account","entry":[{"id":"1045071264380567","changes":[{"value":{"messaging_product":"whatsapp","metadata":{"display_phone_number":"15556164705","phone_number_id":"931811476671891"},"statuses":[{"id":"wamid.HBgMMjUxOTgyNjIyNTg0FQIAERgSQjIxQkRBMzQyOUMyRTcwOTk0AA==","status":"sent","timestamp":"1764053365","recipient_id":"251982622584","pricing":{"billable":false,"pricing_model":"PMP","category":"service","type":"free_customer_service"}}]},"field":"messages"}]}]}
[2025-11-25 07:49:26] No message object in payload
[2025-11-25 07:49:26] POST raw: {"object":"whatsapp_business_account","entry":[{"id":"1045071264380567","changes":[{"value":{"messaging_product":"whatsapp","metadata":{"display_phone_number":"15556164705","phone_number_id":"931811476671891"},"statuses":[{"id":"wamid.HBgMMjUxOTgyNjIyNTg0FQIAERgSN0M1MkE1NUJENTY0Q0NERTlEAA==","status":"sent","timestamp":"1764053365","recipient_id":"251982622584","pricing":{"billable":false,"pricing_model":"PMP","category":"service","type":"free_customer_service"}}]},"field":"messages"}]}]}
[2025-11-25 07:49:26] No message object in payload
[2025-11-25 07:49:26] POST raw: {"object":"whatsapp_business_account","entry":[{"id":"1045071264380567","changes":[{"value":{"messaging_product":"whatsapp","metadata":{"display_phone_number":"15556164705","phone_number_id":"931811476671891"},"statuses":[{"id":"wamid.HBgMMjUxOTgyNjIyNTg0FQIAERgSQjIxQkRBMzQyOUMyRTcwOTk0AA==","status":"read","timestamp":"1764053365","recipient_id":"251982622584","pricing":{"billable":false,"pricing_model":"PMP","category":"service","type":"free_customer_service"}}]},"field":"messages"}]}]}
[2025-11-25 07:49:26] No message object in payload
[2025-11-25 07:49:26] POST raw: {"object":"whatsapp_business_account","entry":[{"id":"1045071264380567","changes":[{"value":{"messaging_product":"whatsapp","metadata":{"display_phone_number":"15556164705","phone_number_id":"931811476671891"},"statuses":[{"id":"wamid.HBgMMjUxOTgyNjIyNTg0FQIAERgSQjIxQkRBMzQyOUMyRTcwOTk0AA==","status":"read","timestamp":"1764053365","recipient_id":"251982622584","pricing":{"billable":false,"pricing_model":"PMP","category":"service","type":"free_customer_service"}}]},"field":"messages"}]}]}
[2025-11-25 07:49:26] No message object in payload
[2025-11-25 07:49:26] POST raw: {"object":"whatsapp_business_account","entry":[{"id":"1045071264380567","changes":[{"value":{"messaging_product":"whatsapp","metadata":{"display_phone_number":"15556164705","phone_number_id":"931811476671891"},"statuses":[{"id":"wamid.HBgMMjUxOTgyNjIyNTg0FQIAERgSN0M1MkE1NUJENTY0Q0NERTlEAA==","status":"sent","timestamp":"1764053365","recipient_id":"251982622584","pricing":{"billable":false,"pricing_model":"PMP","category":"service","type":"free_customer_service"}}]},"field":"messages"}]}]}
[2025-11-25 07:49:26] No message object in payload
[2025-11-25 07:49:26] POST raw: {"object":"whatsapp_business_account","entry":[{"id":"1045071264380567","changes":[{"value":{"messaging_product":"whatsapp","metadata":{"display_phone_number":"15556164705","phone_number_id":"931811476671891"},"statuses":[{"id":"wamid.HBgMMjUxOTgyNjIyNTg0FQIAERgSN0M1MkE1NUJENTY0Q0NERTlEAA==","status":"read","timestamp":"1764053365","recipient_id":"251982622584","pricing":{"billable":false,"pricing_model":"PMP","category":"service","type":"free_customer_service"}}]},"field":"messages"}]}]}
[2025-11-25 07:49:26] No message object in payload
[2025-11-25 07:49:26] POST raw: {"object":"whatsapp_business_account","entry":[{"id":"1045071264380567","changes":[{"value":{"messaging_product":"whatsapp","metadata":{"display_phone_number":"15556164705","phone_number_id":"931811476671891"},"statuses":[{"id":"wamid.HBgMMjUxOTgyNjIyNTg0FQIAERgSN0M1MkE1NUJENTY0Q0NERTlEAA==","status":"read","timestamp":"1764053365","recipient_id":"251982622584","pricing":{"billable":false,"pricing_model":"PMP","category":"service","type":"free_customer_service"}}]},"field":"messages"}]}]}
[2025-11-25 07:49:26] No message object in payload
[2025-11-25 08:04:16] POST raw: {"object":"whatsapp_business_account","entry":[{"id":"1045071264380567","changes":[{"value":{"messaging_product":"whatsapp","metadata":{"display_phone_number":"15556164705","phone_number_id":"931811476671891"},"contacts":[{"profile":{"name":"Hiwot"},"wa_id":"251982622584"}],"messages":[{"from":"251982622584","id":"wamid.HBgMMjUxOTgyNjIyNTg0FQIAEhggQUNDMzU0MDVEMzkxNTE0RkE5REIxRkZCN0YwOTM4NzQA","timestamp":"1764054255","text":{"body":"Fyhd"},"type":"text"}]},"field":"messages"}]}]}
[2025-11-25 08:04:16] Message from 251982622584 type text text: Fyhd
[2025-11-25 08:04:16] POST raw: {"object":"whatsapp_business_account","entry":[{"id":"1045071264380567","changes":[{"value":{"messaging_product":"whatsapp","metadata":{"display_phone_number":"15556164705","phone_number_id":"931811476671891"},"contacts":[{"profile":{"name":"Hiwot"},"wa_id":"251982622584"}],"messages":[{"from":"251982622584","id":"wamid.HBgMMjUxOTgyNjIyNTg0FQIAEhggQUNDMzU0MDVEMzkxNTE0RkE5REIxRkZCN0YwOTM4NzQA","timestamp":"1764054255","text":{"body":"Fyhd"},"type":"text"}]},"field":"messages"}]}]}
[2025-11-25 08:04:16] Message from 251982622584 type text text: Fyhd
[2025-11-25 08:04:18] Send response: {"http":200,"response":{"messaging_product":"whatsapp","contacts":[{"input":"251982622584","wa_id":"251982622584"}],"messages":[{"id":"wamid.HBgMMjUxOTgyNjIyNTg0FQIAERgSQ0Q1QTFDMzkzOUI5RUM2RTA5AA=="}]}}
[2025-11-25 08:04:18] Send response: {"http":200,"response":{"messaging_product":"whatsapp","contacts":[{"input":"251982622584","wa_id":"251982622584"}],"messages":[{"id":"wamid.HBgMMjUxOTgyNjIyNTg0FQIAERgSRjYwRTAzODQyMjIxNTA1RTdCAA=="}]}}
[2025-11-25 08:04:19] POST raw: {"object":"whatsapp_business_account","entry":[{"id":"1045071264380567","changes":[{"value":{"messaging_product":"whatsapp","metadata":{"display_phone_number":"15556164705","phone_number_id":"931811476671891"},"statuses":[{"id":"wamid.HBgMMjUxOTgyNjIyNTg0FQIAERgSQ0Q1QTFDMzkzOUI5RUM2RTA5AA==","status":"sent","timestamp":"1764054258","recipient_id":"251982622584","pricing":{"billable":false,"pricing_model":"PMP","category":"service","type":"free_customer_service"}}]},"field":"messages"}]}]}
[2025-11-25 08:04:19] No message object in payload
[2025-11-25 08:04:19] POST raw: {"object":"whatsapp_business_account","entry":[{"id":"1045071264380567","changes":[{"value":{"messaging_product":"whatsapp","metadata":{"display_phone_number":"15556164705","phone_number_id":"931811476671891"},"statuses":[{"id":"wamid.HBgMMjUxOTgyNjIyNTg0FQIAERgSQ0Q1QTFDMzkzOUI5RUM2RTA5AA==","status":"sent","timestamp":"1764054258","recipient_id":"251982622584","pricing":{"billable":false,"pricing_model":"PMP","category":"service","type":"free_customer_service"}}]},"field":"messages"}]}]}
[2025-11-25 08:04:19] No message object in payload
[2025-11-25 08:04:20] POST raw: {"object":"whatsapp_business_account","entry":[{"id":"1045071264380567","changes":[{"value":{"messaging_product":"whatsapp","metadata":{"display_phone_number":"15556164705","phone_number_id":"931811476671891"},"statuses":[{"id":"wamid.HBgMMjUxOTgyNjIyNTg0FQIAERgSQ0Q1QTFDMzkzOUI5RUM2RTA5AA==","status":"read","timestamp":"1764054259","recipient_id":"251982622584","pricing":{"billable":false,"pricing_model":"PMP","category":"service","type":"free_customer_service"}}]},"field":"messages"}]}]}
[2025-11-25 08:04:20] POST raw: {"object":"whatsapp_business_account","entry":[{"id":"1045071264380567","changes":[{"value":{"messaging_product":"whatsapp","metadata":{"display_phone_number":"15556164705","phone_number_id":"931811476671891"},"statuses":[{"id":"wamid.HBgMMjUxOTgyNjIyNTg0FQIAERgSRjYwRTAzODQyMjIxNTA1RTdCAA==","status":"sent","timestamp":"1764054259","recipient_id":"251982622584","pricing":{"billable":false,"pricing_model":"PMP","category":"service","type":"free_customer_service"}}]},"field":"messages"}]}]}
[2025-11-25 08:04:20] No message object in payload
_business_account","entry":[{"id":"1045071264380567","changes":[{"value":{"messaging_product":"whatsapp","metadata":{"display_phone_number":"15556164705","phone_number_id":"931811476671891"},"statuses":[{"id":"wamid.HBgMMjUxOTgyNjIyNTg0FQIAERgSRjYwRTAzODQyMjIxNTA1RTdCAA==","status":"sent","timestamp":"1764054259","recipient_id":"251982622584","pricing":{"billable":false,"pricing_model":"PMP","category":"service","type":"free_customer_service"}}]},"field":"messages"}]}]}
[2025-11-25 08:04:20] No message object in payload
[2025-11-25 08:04:20] No message object in payload
[2025-11-25 08:04:20] POST raw: {"object":"whatsapp_business_account","entry":[{"id":"1045071264380567","changes":[{"value":{"messaging_product":"whatsapp","metadata":{"display_phone_number":"15556164705","phone_number_id":"931811476671891"},"statuses":[{"id":"wamid.HBgMMjUxOTgyNjIyNTg0FQIAERgSQ0Q1QTFDMzkzOUI5RUM2RTA5AA==","status":"read","timestamp":"1764054259","recipient_id":"251982622584","pricing":{"billable":false,"pricing_model":"PMP","category":"service","type":"free_customer_service"}}]},"field":"messages"}]}]}
[2025-11-25 08:04:20] No message object in payload
[2025-11-25 08:04:20] POST raw: {"object":"whatsapp_business_account","entry":[{"id":"1045071264380567","changes":[{"value":{"messaging_product":"whatsapp","metadata":{"display_phone_number":"15556164705","phone_number_id":"931811476671891"},"statuses":[{"id":"wamid.HBgMMjUxOTgyNjIyNTg0FQIAERgSQ0Q1QTFDMzkzOUI5RUM2RTA5AA==","status":"delivered","timestamp":"1764054260","recipient_id":"251982622584","pricing":{"billable":false,"pricing_model":"PMP","category":"service","type":"free_customer_service"}}]},"field":"messages"}]}]}
[2025-11-25 08:04:20] POST raw: {"object":"whatsapp_business_account","entry":[{"id":"1045071264380567","changes":[{"value":{"messaging_product":"whatsapp","metadata":{"display_phone_number":"15556164705","phone_number_id":"931811476671891"},"statuses":[{"id":"wamid.HBgMMjUxOTgyNjIyNTg0FQIAERgSQ0Q1QTFDMzkzOUI5RUM2RTA5AA==","status":"delivered","timestamp":"1764054260","recipient_id":"251982622584","pricing":{"billable":false,"pricing_model":"PMP","category":"service","type":"free_customer_service"}}]},"field":"messages"}]}]}
[2025-11-25 08:04:20] No message object in payload
[2025-11-25 08:04:21] POST raw: {"object":"whatsapp_business_account","entry":[{"id":"1045071264380567","changes":[{"value":{"messaging_product":"whatsapp","metadata":{"display_phone_number":"15556164705","phone_number_id":"931811476671891"},"statuses":[{"id":"wamid.HBgMMjUxOTgyNjIyNTg0FQIAERgSRjYwRTAzODQyMjIxNTA1RTdCAA==","status":"read","timestamp":"1764054260","recipient_id":"251982622584","pricing":{"billable":false,"pricing_model":"PMP","category":"service","type":"free_customer_service"}}]},"field":"messages"}]}]}
[2025-11-25 08:04:21] No message object in payload
[2025-11-25 08:04:21] POST raw: {"object":"whatsapp_business_account","entry":[{"id":"1045071264380567","changes":[{"value":{"messaging_product":"whatsapp","metadata":{"display_phone_number":"15556164705","phone_number_id":"931811476671891"},"statuses":[{"id":"wamid.HBgMMjUxOTgyNjIyNTg0FQIAERgSRjYwRTAzODQyMjIxNTA1RTdCAA==","status":"read","timestamp":"1764054260","recipient_id":"251982622584","pricing":{"billable":false,"pricing_model":"PMP","category":"service","type":"free_customer_service"}}]},"field":"messages"}]}]}
[2025-11-25 08:04:21] No message object in payload
[2025-11-25 08:04:21] POST raw: {"object":"whatsapp_business_account","entry":[{"id":"1045071264380567","changes":[{"value":{"messaging_product":"whatsapp","metadata":{"display_phone_number":"15556164705","phone_number_id":"931811476671891"},"statuses":[{"id":"wamid.HBgMMjUxOTgyNjIyNTg0FQIAERgSRjYwRTAzODQyMjIxNTA1RTdCAA==","status":"delivered","timestamp":"1764054260","recipient_id":"251982622584","pricing":{"billable":false,"pricing_model":"PMP","category":"service","type":"free_customer_service"}}]},"field":"messages"}]}]}
[2025-11-25 08:04:21] No message object in payload
[2025-11-25 08:04:21] POST raw: {"object":"whatsapp_business_account","entry":[{"id":"1045071264380567","changes":[{"value":{"messaging_product":"whatsapp","metadata":{"display_phone_number":"15556164705","phone_number_id":"931811476671891"},"statuses":[{"id":"wamid.HBgMMjUxOTgyNjIyNTg0FQIAERgSRjYwRTAzODQyMjIxNTA1RTdCAA==","status":"delivered","timestamp":"1764054260","recipient_id":"251982622584","pricing":{"billable":false,"pricing_model":"PMP","category":"service","type":"free_customer_service"}}]},"field":"messages"}]}]}
[2025-11-25 08:04:21] No message object in payload
[2025-11-25 08:04:28] POST raw: {"object":"whatsapp_business_account","entry":[{"id":"1045071264380567","changes":[{"value":{"messaging_product":"whatsapp","metadata":{"display_phone_number":"15556164705","phone_number_id":"931811476671891"},"contacts":[{"profile":{"name":"Hiwot"},"wa_id":"251982622584"}],"messages":[{"from":"251982622584","id":"wamid.HBgMMjUxOTgyNjIyNTg0FQIAEhggQUMzODA4Nzk3MUVBN0U3QjhDMEM5ODZDOTNCRDgwQkQA","timestamp":"1764054267","text":{"body":"Menu"},"type":"text"}]},"field":"messages"}]}]}
[2025-11-25 08:04:28] Message from 251982622584 type text text: Menu
[2025-11-25 08:04:28] POST raw: {"object":"whatsapp_business_account","entry":[{"id":"1045071264380567","changes":[{"value":{"messaging_product":"whatsapp","metadata":{"display_phone_number":"15556164705","phone_number_id":"931811476671891"},"contacts":[{"profile":{"name":"Hiwot"},"wa_id":"251982622584"}],"messages":[{"from":"251982622584","id":"wamid.HBgMMjUxOTgyNjIyNTg0FQIAEhggQUMzODA4Nzk3MUVBN0U3QjhDMEM5ODZDOTNCRDgwQkQA","timestamp":"1764054267","text":{"body":"Menu"},"type":"text"}]},"field":"messages"}]}]}
[2025-11-25 08:04:28] Message from 251982622584 type text text: Menu
[2025-11-25 08:04:30] Send response: {"http":200,"response":{"messaging_product":"whatsapp","contacts":[{"input":"251982622584","wa_id":"251982622584"}],"messages":[{"id":"wamid.HBgMMjUxOTgyNjIyNTg0FQIAERgSRTVBMkU1MDJEREQyRkIzMUMxAA=="}]}}
[2025-11-25 08:04:30] Send response: {"http":200,"response":{"messaging_product":"whatsapp","contacts":[{"input":"251982622584","wa_id":"251982622584"}],"messages":[{"id":"wamid.HBgMMjUxOTgyNjIyNTg0FQIAERgSMUVDMDBFRTFGOTMxQjAyRUU0AA=="}]}}
[2025-11-25 08:04:31] POST raw: {"object":"whatsapp_business_account","entry":[{"id":"1045071264380567","changes":[{"value":{"messaging_product":"whatsapp","metadata":{"display_phone_number":"15556164705","phone_number_id":"931811476671891"},"statuses":[{"id":"wamid.HBgMMjUxOTgyNjIyNTg0FQIAERgSRTVBMkU1MDJEREQyRkIzMUMxAA==","status":"sent","timestamp":"1764054270","recipient_id":"251982622584","pricing":{"billable":false,"pricing_model":"PMP","category":"service","type":"free_customer_service"}}]},"field":"messages"}]}]}
[2025-11-25 08:04:31] No message object in payload
[2025-11-25 08:04:31] POST raw: {"object":"whatsapp_business_account","entry":[{"id":"1045071264380567","changes":[{"value":{"messaging_product":"whatsapp","metadata":{"display_phone_number":"15556164705","phone_number_id":"931811476671891"},"statuses":[{"id":"wamid.HBgMMjUxOTgyNjIyNTg0FQIAERgSMUVDMDBFRTFGOTMxQjAyRUU0AA==","status":"sent","timestamp":"1764054270","recipient_id":"251982622584","pricing":{"billable":false,"pricing_model":"PMP","category":"service","type":"free_customer_service"}}]},"field":"messages"}]}]}
[2025-11-25 08:04:31] No message object in payload
[2025-11-25 08:04:31] POST raw: {"object":"whatsapp_business_account","entry":[{"id":"1045071264380567","changes":[{"value":{"messaging_product":"whatsapp","metadata":{"display_phone_number":"15556164705","phone_number_id":"931811476671891"},"statuses":[{"id":"wamid.HBgMMjUxOTgyNjIyNTg0FQIAERgSMUVDMDBFRTFGOTMxQjAyRUU0AA==","status":"sent","timestamp":"1764054270","recipient_id":"251982622584","pricing":{"billable":false,"pricing_model":"PMP","category":"service","type":"free_customer_service"}}]},"field":"messages"}]}]}
[2025-11-25 08:04:31] No message object in payload
[2025-11-25 08:04:31] POST raw: {"object":"whatsapp_business_account","entry":[{"id":"1045071264380567","changes":[{"value":{"messaging_product":"whatsapp","metadata":{"display_phone_number":"15556164705","phone_number_id":"931811476671891"},"statuses":[{"id":"wamid.HBgMMjUxOTgyNjIyNTg0FQIAERgSRTVBMkU1MDJEREQyRkIzMUMxAA==","status":"sent","timestamp":"1764054270","recipient_id":"251982622584","pricing":{"billable":false,"pricing_model":"PMP","category":"service","type":"free_customer_service"}}]},"field":"messages"}]}]}
[2025-11-25 08:04:31] No message object in payload
[2025-11-25 08:04:31] POST raw: {"object":"whatsapp_business_account","entry":[{"id":"1045071264380567","changes":[{"value":{"messaging_product":"whatsapp","metadata":{"display_phone_number":"15556164705","phone_number_id":"931811476671891"},"statuses":[{"id":"wamid.HBgMMjUxOTgyNjIyNTg0FQIAERgSRTVBMkU1MDJEREQyRkIzMUMxAA==","status":"delivered","timestamp":"1764054270","recipient_id":"251982622584","pricing":{"billable":false,"pricing_model":"PMP","category":"service","type":"free_customer_service"}}]},"field":"messages"}]}]}
[2025-11-25 08:04:31] No message object in payload
[2025-11-25 08:04:31] POST raw: {"object":"whatsapp_business_account","entry":[{"id":"1045071264380567","changes":[{"value":{"messaging_product":"whatsapp","metadata":{"display_phone_number":"15556164705","phone_number_id":"931811476671891"},"statuses":[{"id":"wamid.HBgMMjUxOTgyNjIyNTg0FQIAERgSRTVBMkU1MDJEREQyRkIzMUMxAA==","status":"delivered","timestamp":"1764054270","recipient_id":"251982622584","pricing":{"billable":false,"pricing_model":"PMP","category":"service","type":"free_customer_service"}}]},"field":"messages"}]}]}
[2025-11-25 08:04:31] No message object in payload
[2025-11-25 08:04:32] POST raw: {"object":"whatsapp_business_account","entry":[{"id":"1045071264380567","changes":[{"value":{"messaging_product":"whatsapp","metadata":{"display_phone_number":"15556164705","phone_number_id":"931811476671891"},"statuses":[{"id":"wamid.HBgMMjUxOTgyNjIyNTg0FQIAERgSMUVDMDBFRTFGOTMxQjAyRUU0AA==","status":"delivered","timestamp":"1764054271","recipient_id":"251982622584","pricing":{"billable":false,"pricing_model":"PMP","category":"service","type":"free_customer_service"}}]},"field":"messages"}]}]}
[2025-11-25 08:04:32] No message object in payload
[2025-11-25 08:04:32] POST raw: {"object":"whatsapp_business_account","entry":[{"id":"1045071264380567","changes":[{"value":{"messaging_product":"whatsapp","metadata":{"display_phone_number":"15556164705","phone_number_id":"931811476671891"},"statuses":[{"id":"wamid.HBgMMjUxOTgyNjIyNTg0FQIAERgSMUVDMDBFRTFGOTMxQjAyRUU0AA==","status":"delivered","timestamp":"1764054271","recipient_id":"251982622584","pricing":{"billable":false,"pricing_model":"PMP","category":"service","type":"free_customer_service"}}]},"field":"messages"}]}]}
[2025-11-25 08:04:32] No message object in payload
[2025-11-25 08:04:32] POST raw: {"object":"whatsapp_business_account","entry":[{"id":"1045071264380567","changes":[{"value":{"messaging_product":"whatsapp","metadata":{"display_phone_number":"15556164705","phone_number_id":"931811476671891"},"statuses":[{"id":"wamid.HBgMMjUxOTgyNjIyNTg0FQIAERgSRTVBMkU1MDJEREQyRkIzMUMxAA==","status":"read","timestamp":"1764054271","recipient_id":"251982622584","pricing":{"billable":false,"pricing_model":"PMP","category":"service","type":"free_customer_service"}}]},"field":"messages"}]}]}
[2025-11-25 08:04:32] No message object in payload
[2025-11-25 08:04:32] POST raw: {"object":"whatsapp_business_account","entry":[{"id":"1045071264380567","changes":[{"value":{"messaging_product":"whatsapp","metadata":{"display_phone_number":"15556164705","phone_number_id":"931811476671891"},"statuses":[{"id":"wamid.HBgMMjUxOTgyNjIyNTg0FQIAERgSMUVDMDBFRTFGOTMxQjAyRUU0AA==","status":"read","timestamp":"1764054271","recipient_id":"251982622584","pricing":{"billable":false,"pricing_model":"PMP","category":"service","type":"free_customer_service"}}]},"field":"messages"}]}]}
[2025-11-25 08:04:32] POST raw: {"object":"whatsapp_business_account","entry":[{"id":"1045071264380567","changes":[{"value":{"messaging_product":"whatsapp","metadata":{"display_phone_number":"15556164705","phone_number_id":"931811476671891"},"statuses":[{"id":"wamid.HBgMMjUxOTgyNjIyNTg0FQIAERgSRTVBMkU1MDJEREQyRkIzMUMxAA==","status":"read","timestamp":"1764054271","recipient_id":"251982622584","pricing":{"billable":false,"pricing_model":"PMP","category":"service","type":"free_customer_service"}}]},"field":"messages"}]}]}
[2025-11-25 08:04:32] No message object in payload
[2025-11-25 08:04:32] No message object in payload
[2025-11-25 08:04:32] POST raw: {"object":"whatsapp_business_account","entry":[{"id":"1045071264380567","changes":[{"value":{"messaging_product":"whatsapp","metadata":{"display_phone_number":"15556164705","phone_number_id":"931811476671891"},"statuses":[{"id":"wamid.HBgMMjUxOTgyNjIyNTg0FQIAERgSMUVDMDBFRTFGOTMxQjAyRUU0AA==","status":"read","timestamp":"1764054271","recipient_id":"251982622584","pricing":{"billable":false,"pricing_model":"PMP","category":"service","type":"free_customer_service"}}]},"field":"messages"}]}]}
[2025-11-25 08:04:32] No message object in payload
[2025-11-25 08:04:37] POST raw: {"object":"whatsapp_business_account","entry":[{"id":"1045071264380567","changes":[{"value":{"messaging_product":"whatsapp","metadata":{"display_phone_number":"15556164705","phone_number_id":"931811476671891"},"contacts":[{"profile":{"name":"Hiwot"},"wa_id":"251982622584"}],"messages":[{"from":"251982622584","id":"wamid.HBgMMjUxOTgyNjIyNTg0FQIAEhggQUMxQzNFMzU1NkZFQkVCRTQyNjE4OTU0Q0U0QkIyRjgA","timestamp":"1764054276","text":{"body":"1"},"type":"text"}]},"field":"messages"}]}]}
[2025-11-25 08:04:37] Message from 251982622584 type text text: 1
[2025-11-25 08:04:37] POST raw: {"object":"whatsapp_business_account","entry":[{"id":"1045071264380567","changes":[{"value":{"messaging_product":"whatsapp","metadata":{"display_phone_number":"15556164705","phone_number_id":"931811476671891"},"contacts":[{"profile":{"name":"Hiwot"},"wa_id":"251982622584"}],"messages":[{"from":"251982622584","id":"wamid.HBgMMjUxOTgyNjIyNTg0FQIAEhggQUMxQzNFMzU1NkZFQkVCRTQyNjE4OTU0Q0U0QkIyRjgA","timestamp":"1764054276","text":{"body":"1"},"type":"text"}]},"field":"messages"}]}]}
[2025-11-25 08:04:37] Message from 251982622584 type text text: 1
[2025-11-25 08:04:39] Send response: {"http":200,"response":{"messaging_product":"whatsapp","contacts":[{"input":"251982622584","wa_id":"251982622584"}],"messages":[{"id":"wamid.HBgMMjUxOTgyNjIyNTg0FQIAERgSMDRFQUJERTdCQTcwRjYyODQ3AA=="}]}}
[2025-11-25 08:04:39] Send response: {"http":200,"response":{"messaging_product":"whatsapp","contacts":[{"input":"251982622584","wa_id":"251982622584"}],"messages":[{"id":"wamid.HBgMMjUxOTgyNjIyNTg0FQIAERgSRDE1REQ3OTU0QjE0RkRDQ0Q4AA=="}]}}
[2025-11-25 08:04:40] POST raw: {"object":"whatsapp_business_account","entry":[{"id":"1045071264380567","changes":[{"value":{"messaging_product":"whatsapp","metadata":{"display_phone_number":"15556164705","phone_number_id":"931811476671891"},"statuses":[{"id":"wamid.HBgMMjUxOTgyNjIyNTg0FQIAERgSMDRFQUJERTdCQTcwRjYyODQ3AA==","status":"sent","timestamp":"1764054279","recipient_id":"251982622584","pricing":{"billable":false,"pricing_model":"PMP","category":"service","type":"free_customer_service"}}]},"field":"messages"}]}]}
[2025-11-25 08:04:40] No message object in payload
[2025-11-25 08:04:40] POST raw: {"object":"whatsapp_business_account","entry":[{"id":"1045071264380567","changes":[{"value":{"messaging_product":"whatsapp","metadata":{"display_phone_number":"15556164705","phone_number_id":"931811476671891"},"statuses":[{"id":"wamid.HBgMMjUxOTgyNjIyNTg0FQIAERgSMDRFQUJERTdCQTcwRjYyODQ3AA==","status":"sent","timestamp":"1764054279","recipient_id":"251982622584","pricing":{"billable":false,"pricing_model":"PMP","category":"service","type":"free_customer_service"}}]},"field":"messages"}]}]}
[2025-11-25 08:04:40] No message object in payload
[2025-11-25 08:04:40] POST raw: {"object":"whatsapp_business_account","entry":[{"id":"1045071264380567","changes":[{"value":{"messaging_product":"whatsapp","metadata":{"display_phone_number":"15556164705","phone_number_id":"931811476671891"},"statuses":[{"id":"wamid.HBgMMjUxOTgyNjIyNTg0FQIAERgSRDE1REQ3OTU0QjE0RkRDQ0Q4AA==","status":"sent","timestamp":"1764054280","recipient_id":"251982622584","pricing":{"billable":false,"pricing_model":"PMP","category":"service","type":"free_customer_service"}}]},"field":"messages"}]}]}
[2025-11-25 08:04:40] No message object in payload
[2025-11-25 08:04:40] POST raw: {"object":"whatsapp_business_account","entry":[{"id":"1045071264380567","changes":[{"value":{"messaging_product":"whatsapp","metadata":{"display_phone_number":"15556164705","phone_number_id":"931811476671891"},"statuses":[{"id":"wamid.HBgMMjUxOTgyNjIyNTg0FQIAERgSRDE1REQ3OTU0QjE0RkRDQ0Q4AA==","status":"sent","timestamp":"1764054280","recipient_id":"251982622584","pricing":{"billable":false,"pricing_model":"PMP","category":"service","type":"free_customer_service"}}]},"field":"messages"}]}]}
[2025-11-25 08:04:40] No message object in payload
[2025-11-25 08:04:41] POST raw: {"object":"whatsapp_business_account","entry":[{"id":"1045071264380567","changes":[{"value":{"messaging_product":"whatsapp","metadata":{"display_phone_number":"15556164705","phone_number_id":"931811476671891"},"statuses":[{"id":"wamid.HBgMMjUxOTgyNjIyNTg0FQIAERgSMDRFQUJERTdCQTcwRjYyODQ3AA==","status":"delivered","timestamp":"1764054280","recipient_id":"251982622584","pricing":{"billable":false,"pricing_model":"PMP","category":"service","type":"free_customer_service"}}]},"field":"messages"}]}]}
[2025-11-25 08:04:41] No message object in payload
[2025-11-25 08:04:41] POST raw: {"object":"whatsapp_business_account","entry":[{"id":"1045071264380567","changes":[{"value":{"messaging_product":"whatsapp","metadata":{"display_phone_number":"15556164705","phone_number_id":"931811476671891"},"statuses":[{"id":"wamid.HBgMMjUxOTgyNjIyNTg0FQIAERgSMDRFQUJERTdCQTcwRjYyODQ3AA==","status":"delivered","timestamp":"1764054280","recipient_id":"251982622584","pricing":{"billable":false,"pricing_model":"PMP","category":"service","type":"free_customer_service"}}]},"field":"messages"}]}]}
[2025-11-25 08:04:41] POST raw: {"object":"whatsapp_business_account","entry":[{"id":"1045071264380567","changes":[{"value":{"messaging_product":"whatsapp","metadata":{"display_phone_number":"15556164705","phone_number_id":"931811476671891"},"statuses":[{"id":"wamid.HBgMMjUxOTgyNjIyNTg0FQIAERgSMDRFQUJERTdCQTcwRjYyODQ3AA==","status":"read","timestamp":"1764054280","recipient_id":"251982622584","pricing":{"billable":false,"pricing_model":"PMP","category":"service","type":"free_customer_service"}}]},"field":"messages"}]}]}
[2025-11-25 08:04:41] No message object in payload
[2025-11-25 08:04:41] No message object in payload
[2025-11-25 08:04:41] POST raw: {"object":"whatsapp_business_account","entry":[{"id":"1045071264380567","changes":[{"value":{"messaging_product":"whatsapp","metadata":{"display_phone_number":"15556164705","phone_number_id":"931811476671891"},"statuses":[{"id":"wamid.HBgMMjUxOTgyNjIyNTg0FQIAERgSMDRFQUJERTdCQTcwRjYyODQ3AA==","status":"read","timestamp":"1764054280","recipient_id":"251982622584","pricing":{"billable":false,"pricing_model":"PMP","category":"service","type":"free_customer_service"}}]},"field":"messages"}]}]}
[2025-11-25 08:04:41] No message object in payload
[2025-11-25 08:04:41] POST raw: {"object":"whatsapp_business_account","entry":[{"id":"1045071264380567","changes":[{"value":{"messaging_product":"whatsapp","metadata":{"display_phone_number":"15556164705","phone_number_id":"931811476671891"},"statuses":[{"id":"wamid.HBgMMjUxOTgyNjIyNTg0FQIAERgSRDE1REQ3OTU0QjE0RkRDQ0Q4AA==","status":"read","timestamp":"1764054280","recipient_id":"251982622584","pricing":{"billable":false,"pricing_model":"PMP","category":"service","type":"free_customer_service"}}]},"field":"messages"}]}]}
[2025-11-25 08:04:41] POST raw: {"object":"whatsapp_business_account","entry":[{"id":"1045071264380567","changes":[{"value":{"messaging_product":"whatsapp","metadata":{"display_phone_number":"15556164705","phone_number_id":"931811476671891"},"statuses":[{"id":"wamid.HBgMMjUxOTgyNjIyNTg0FQIAERgSRDE1REQ3OTU0QjE0RkRDQ0Q4AA==","status":"delivered","timestamp":"1764054280","recipient_id":"251982622584","pricing":{"billable":false,"pricing_model":"PMP","category":"service","type":"free_customer_service"}}]},"field":"messages"}]}]}
[2025-11-25 08:04:41] No message object in payload
[2025-11-25 08:04:41] No message object in payload
[2025-11-25 08:04:41] POST raw: {"object":"whatsapp_business_account","entry":[{"id":"1045071264380567","changes":[{"value":{"messaging_product":"whatsapp","metadata":{"display_phone_number":"15556164705","phone_number_id":"931811476671891"},"statuses":[{"id":"wamid.HBgMMjUxOTgyNjIyNTg0FQIAERgSRDE1REQ3OTU0QjE0RkRDQ0Q4AA==","status":"delivered","timestamp":"1764054280","recipient_id":"251982622584","pricing":{"billable":false,"pricing_model":"PMP","category":"service","type":"free_customer_service"}}]},"field":"messages"}]}]}
[2025-11-25 08:04:41] No message object in payload
[2025-11-25 08:04:41] POST raw: {"object":"whatsapp_business_account","entry":[{"id":"1045071264380567","changes":[{"value":{"messaging_product":"whatsapp","metadata":{"display_phone_number":"15556164705","phone_number_id":"931811476671891"},"statuses":[{"id":"wamid.HBgMMjUxOTgyNjIyNTg0FQIAERgSRDE1REQ3OTU0QjE0RkRDQ0Q4AA==","status":"read","timestamp":"1764054280","recipient_id":"251982622584","pricing":{"billable":false,"pricing_model":"PMP","category":"service","type":"free_customer_service"}}]},"field":"messages"}]}]}
[2025-11-25 08:04:41] No message object in payload
[2025-11-25 08:05:10] POST raw: {"object":"whatsapp_business_account","entry":[{"id":"1045071264380567","changes":[{"value":{"messaging_product":"whatsapp","metadata":{"display_phone_number":"15556164705","phone_number_id":"931811476671891"},"contacts":[{"profile":{"name":"Hiwot"},"wa_id":"251982622584"}],"messages":[{"from":"251982622584","id":"wamid.HBgMMjUxOTgyNjIyNTg0FQIAEhggQUNDRjBEMkIxNjJFRjkxOTMwM0REQTM2QzZDMjRCQkIA","timestamp":"1764054309","text":{"body":"quotes"},"type":"text"}]},"field":"messages"}]}]}
[2025-11-25 08:05:10] Message from 251982622584 type text text: quotes
[2025-11-25 08:05:11] POST raw: {"object":"whatsapp_business_account","entry":[{"id":"1045071264380567","changes":[{"value":{"messaging_product":"whatsapp","metadata":{"display_phone_number":"15556164705","phone_number_id":"931811476671891"},"contacts":[{"profile":{"name":"Hiwot"},"wa_id":"251982622584"}],"messages":[{"from":"251982622584","id":"wamid.HBgMMjUxOTgyNjIyNTg0FQIAEhggQUNDRjBEMkIxNjJFRjkxOTMwM0REQTM2QzZDMjRCQkIA","timestamp":"1764054309","text":{"body":"quotes"},"type":"text"}]},"field":"messages"}]}]}
[2025-11-25 08:05:11] Message from 251982622584 type text text: quotes
[2025-11-25 08:05:12] Send response: {"http":200,"response":{"messaging_product":"whatsapp","contacts":[{"input":"251982622584","wa_id":"251982622584"}],"messages":[{"id":"wamid.HBgMMjUxOTgyNjIyNTg0FQIAERgSMzI1NDY1MTJERjc1Nzc2MkM0AA=="}]}}
[2025-11-25 08:05:13] Send response: {"http":200,"response":{"messaging_product":"whatsapp","contacts":[{"input":"251982622584","wa_id":"251982622584"}],"messages":[{"id":"wamid.HBgMMjUxOTgyNjIyNTg0FQIAERgSQTE1NTRBODcyQjlERTcwQzIyAA=="}]}}
[2025-11-25 08:05:13] POST raw: {"object":"whatsapp_business_account","entry":[{"id":"1045071264380567","changes":[{"value":{"messaging_product":"whatsapp","metadata":{"display_phone_number":"15556164705","phone_number_id":"931811476671891"},"statuses":[{"id":"wamid.HBgMMjUxOTgyNjIyNTg0FQIAERgSMzI1NDY1MTJERjc1Nzc2MkM0AA==","status":"sent","timestamp":"1764054312","recipient_id":"251982622584","pricing":{"billable":false,"pricing_model":"PMP","category":"service","type":"free_customer_service"}}]},"field":"messages"}]}]}
[2025-11-25 08:05:13] No message object in payload
[2025-11-25 08:05:14] POST raw: {"object":"whatsapp_business_account","entry":[{"id":"1045071264380567","changes":[{"value":{"messaging_product":"whatsapp","metadata":{"display_phone_number":"15556164705","phone_number_id":"931811476671891"},"statuses":[{"id":"wamid.HBgMMjUxOTgyNjIyNTg0FQIAERgSMzI1NDY1MTJERjc1Nzc2MkM0AA==","status":"read","timestamp":"1764054313","recipient_id":"251982622584","pricing":{"billable":false,"pricing_model":"PMP","category":"service","type":"free_customer_service"}}]},"field":"messages"}]}]}
[2025-11-25 08:05:14] No message object in payload
[2025-11-25 08:05:14] POST raw: {"object":"whatsapp_business_account","entry":[{"id":"1045071264380567","changes":[{"value":{"messaging_product":"whatsapp","metadata":{"display_phone_number":"15556164705","phone_number_id":"931811476671891"},"statuses":[{"id":"wamid.HBgMMjUxOTgyNjIyNTg0FQIAERgSQTE1NTRBODcyQjlERTcwQzIyAA==","status":"sent","timestamp":"1764054313","recipient_id":"251982622584","pricing":{"billable":false,"pricing_model":"PMP","category":"service","type":"free_customer_service"}}]},"field":"messages"}]}]}
[2025-11-25 08:05:14] No message object in payload
[2025-11-25 08:05:15] POST raw: {"object":"whatsapp_business_account","entry":[{"id":"1045071264380567","changes":[{"value":{"messaging_product":"whatsapp","metadata":{"display_phone_number":"15556164705","phone_number_id":"931811476671891"},"statuses":[{"id":"wamid.HBgMMjUxOTgyNjIyNTg0FQIAERgSMzI1NDY1MTJERjc1Nzc2MkM0AA==","status":"delivered","timestamp":"1764054313","recipient_id":"251982622584","pricing":{"billable":false,"pricing_model":"PMP","category":"service","type":"free_customer_service"}}]},"field":"messages"}]}]}
[2025-11-25 08:05:15] No message object in payload
[2025-11-25 08:05:15] POST raw: {"object":"whatsapp_business_account","entry":[{"id":"1045071264380567","changes":[{"value":{"messaging_product":"whatsapp","metadata":{"display_phone_number":"15556164705","phone_number_id":"931811476671891"},"statuses":[{"id":"wamid.HBgMMjUxOTgyNjIyNTg0FQIAERgSQTE1NTRBODcyQjlERTcwQzIyAA==","status":"delivered","timestamp":"1764054314","recipient_id":"251982622584","pricing":{"billable":false,"pricing_model":"PMP","category":"service","type":"free_customer_service"}}]},"field":"messages"}]}]}
[2025-11-25 08:05:15] No message object in payload
[2025-11-25 08:05:15] POST raw: {"object":"whatsapp_business_account","entry":[{"id":"1045071264380567","changes":[{"value":{"messaging_product":"whatsapp","metadata":{"display_phone_number":"15556164705","phone_number_id":"931811476671891"},"statuses":[{"id":"wamid.HBgMMjUxOTgyNjIyNTg0FQIAERgSQTE1NTRBODcyQjlERTcwQzIyAA==","status":"read","timestamp":"1764054314","recipient_id":"251982622584","pricing":{"billable":false,"pricing_model":"PMP","category":"service","type":"free_customer_service"}}]},"field":"messages"}]}]}
[2025-11-25 08:05:15] No message object in payload
[2025-11-25 08:05:35] POST raw: {"object":"whatsapp_business_account","entry":[{"id":"1045071264380567","changes":[{"value":{"messaging_product":"whatsapp","metadata":{"display_phone_number":"15556164705","phone_number_id":"931811476671891"},"contacts":[{"profile":{"name":"Hiwot"},"wa_id":"251982622584"}],"messages":[{"from":"251982622584","id":"wamid.HBgMMjUxOTgyNjIyNTg0FQIAEhggQUM5MTExNzgwMTNCNDg0RjYyODY2NzREQTAyRDc0MkMA","timestamp":"1764054334","text":{"body":"quote"},"type":"text"}]},"field":"messages"}]}]}
[2025-11-25 08:05:35] Message from 251982622584 type text text: quote
[2025-11-25 08:05:37] Send response: {"http":200,"response":{"messaging_product":"whatsapp","contacts":[{"input":"251982622584","wa_id":"251982622584"}],"messages":[{"id":"wamid.HBgMMjUxOTgyNjIyNTg0FQIAERgSMTZGNzFGQzc1MkYyNjhCODMwAA=="}]}}
[2025-11-25 08:05:38] POST raw: {"object":"whatsapp_business_account","entry":[{"id":"1045071264380567","changes":[{"value":{"messaging_product":"whatsapp","metadata":{"display_phone_number":"15556164705","phone_number_id":"931811476671891"},"statuses":[{"id":"wamid.HBgMMjUxOTgyNjIyNTg0FQIAERgSMTZGNzFGQzc1MkYyNjhCODMwAA==","status":"sent","timestamp":"1764054337","recipient_id":"251982622584","pricing":{"billable":false,"pricing_model":"PMP","category":"service","type":"free_customer_service"}}]},"field":"messages"}]}]}
[2025-11-25 08:05:38] No message object in payload
[2025-11-25 08:05:39] POST raw: {"object":"whatsapp_business_account","entry":[{"id":"1045071264380567","changes":[{"value":{"messaging_product":"whatsapp","metadata":{"display_phone_number":"15556164705","phone_number_id":"931811476671891"},"statuses":[{"id":"wamid.HBgMMjUxOTgyNjIyNTg0FQIAERgSMTZGNzFGQzc1MkYyNjhCODMwAA==","status":"read","timestamp":"1764054338","recipient_id":"251982622584","pricing":{"billable":false,"pricing_model":"PMP","category":"service","type":"free_customer_service"}}]},"field":"messages"}]}]}
[2025-11-25 08:05:39] POST raw: {"object":"whatsapp_business_account","entry":[{"id":"1045071264380567","changes":[{"value":{"messaging_product":"whatsapp","metadata":{"display_phone_number":"15556164705","phone_number_id":"931811476671891"},"statuses":[{"id":"wamid.HBgMMjUxOTgyNjIyNTg0FQIAERgSMTZGNzFGQzc1MkYyNjhCODMwAA==","status":"read","timestamp":"1764054338","recipient_id":"251982622584","pricing":{"billable":false,"pricing_model":"PMP","category":"service","type":"free_customer_service"}}]},"field":"messages"}]}]}
[2025-11-25 08:05:39] No message object in payload
[2025-11-25 08:05:39] No message object in payload
[2025-11-25 08:05:39] POST raw: {"object":"whatsapp_business_account","entry":[{"id":"1045071264380567","changes":[{"value":{"messaging_product":"whatsapp","metadata":{"display_phone_number":"15556164705","phone_number_id":"931811476671891"},"statuses":[{"id":"wamid.HBgMMjUxOTgyNjIyNTg0FQIAERgSMTZGNzFGQzc1MkYyNjhCODMwAA==","status":"read","timestamp":"1764054338","recipient_id":"251982622584","pricing":{"billable":false,"pricing_model":"PMP","category":"service","type":"free_customer_service"}}]},"field":"messages"}]}]}
[2025-11-25 08:05:39] No message object in payload
[2025-11-25 08:07:33] POST raw: {"object":"whatsapp_business_account","entry":[{"id":"1045071264380567","changes":[{"value":{"messaging_product":"whatsapp","metadata":{"display_phone_number":"15556164705","phone_number_id":"931811476671891"},"statuses":[{"id":"wamid.HBgMMjUxOTgyNjIyNTg0FQIAERgSMTZGNzFGQzc1MkYyNjhCODMwAA==","status":"delivered","timestamp":"1764054338","recipient_id":"251982622584","pricing":{"billable":false,"pricing_model":"PMP","category":"service","type":"free_customer_service"}}]},"field":"messages"}]}]}
[2025-11-25 08:07:33] No message object in payload
[2025-11-25 08:07:46] POST raw: {"object":"whatsapp_business_account","entry":[{"id":"1045071264380567","changes":[{"value":{"messaging_product":"whatsapp","metadata":{"display_phone_number":"15556164705","phone_number_id":"931811476671891"},"statuses":[{"id":"wamid.HBgMMjUxOTgyNjIyNTg0FQIAERgSMzI1NDY1MTJERjc1Nzc2MkM0AA==","status":"delivered","timestamp":"1764054313","recipient_id":"251982622584","pricing":{"billable":false,"pricing_model":"PMP","category":"service","type":"free_customer_service"}}]},"field":"messages"}]}]}
[2025-11-25 08:07:46] No message object in payload
[2025-11-25 08:08:14] POST raw: {"object":"whatsapp_business_account","entry":[{"id":"1045071264380567","changes":[{"value":{"messaging_product":"whatsapp","metadata":{"display_phone_number":"15556164705","phone_number_id":"931811476671891"},"statuses":[{"id":"wamid.HBgMMjUxOTgyNjIyNTg0FQIAERgSMzI1NDY1MTJERjc1Nzc2MkM0AA==","status":"sent","timestamp":"1764054312","recipient_id":"251982622584","pricing":{"billable":false,"pricing_model":"PMP","category":"service","type":"free_customer_service"}}]},"field":"messages"}]}]}
[2025-11-25 08:08:14] No message object in payload
[2025-11-25 08:09:49] POST raw: {"object":"whatsapp_business_account","entry":[{"id":"1045071264380567","changes":[{"value":{"messaging_product":"whatsapp","metadata":{"display_phone_number":"15556164705","phone_number_id":"931811476671891"},"statuses":[{"id":"wamid.HBgMMjUxOTgyNjIyNTg0FQIAERgSQTE1NTRBODcyQjlERTcwQzIyAA==","status":"delivered","timestamp":"1764054314","recipient_id":"251982622584","pricing":{"billable":false,"pricing_model":"PMP","category":"service","type":"free_customer_service"}}]},"field":"messages"}]}]}
[2025-11-25 08:09:49] No message object in payload
[2025-11-25 08:10:07] POST raw: {"object":"whatsapp_business_account","entry":[{"id":"1045071264380567","changes":[{"value":{"messaging_product":"whatsapp","metadata":{"display_phone_number":"15556164705","phone_number_id":"931811476671891"},"statuses":[{"id":"wamid.HBgMMjUxOTgyNjIyNTg0FQIAERgSQTE1NTRBODcyQjlERTcwQzIyAA==","status":"sent","timestamp":"1764054313","recipient_id":"251982622584","pricing":{"billable":false,"pricing_model":"PMP","category":"service","type":"free_customer_service"}}]},"field":"messages"}]}]}
[2025-11-25 08:10:07] No message object in payload
[2025-11-25 08:10:40] POST raw: {"object":"whatsapp_business_account","entry":[{"id":"1045071264380567","changes":[{"value":{"messaging_product":"whatsapp","metadata":{"display_phone_number":"15556164705","phone_number_id":"931811476671891"},"statuses":[{"id":"wamid.HBgMMjUxOTgyNjIyNTg0FQIAERgSMzI1NDY1MTJERjc1Nzc2MkM0AA==","status":"read","timestamp":"1764054313","recipient_id":"251982622584","pricing":{"billable":false,"pricing_model":"PMP","category":"service","type":"free_customer_service"}}]},"field":"messages"}]}]}
[2025-11-25 08:10:40] No message object in payload
[2025-11-25 08:11:56] POST raw: {"object":"whatsapp_business_account","entry":[{"id":"1045071264380567","changes":[{"value":{"messaging_product":"whatsapp","metadata":{"display_phone_number":"15556164705","phone_number_id":"931811476671891"},"statuses":[{"id":"wamid.HBgMMjUxOTgyNjIyNTg0FQIAERgSMTZGNzFGQzc1MkYyNjhCODMwAA==","status":"delivered","timestamp":"1764054338","recipient_id":"251982622584","pricing":{"billable":false,"pricing_model":"PMP","category":"service","type":"free_customer_service"}}]},"field":"messages"}]}]}
[2025-11-25 08:11:56] No message object in payload
[2025-11-25 08:21:53] POST raw: {"object":"whatsapp_business_account","entry":[{"id":"1045071264380567","changes":[{"value":{"messaging_product":"whatsapp","metadata":{"display_phone_number":"15556164705","phone_number_id":"931811476671891"},"contacts":[{"profile":{"name":"Hiwot"},"wa_id":"251982622584"}],"messages":[{"from":"251982622584","id":"wamid.HBgMMjUxOTgyNjIyNTg0FQIAEhggQUM5MTExNzgwMTNCNDg0RjYyODY2NzREQTAyRDc0MkMA","timestamp":"1764054334","text":{"body":"quote"},"type":"text"}]},"field":"messages"}]}]}
[2025-11-25 08:21:53] Message from 251982622584 type text text: quote
[2025-11-25 08:21:55] Send response: {"http":200,"response":{"messaging_product":"whatsapp","contacts":[{"input":"251982622584","wa_id":"251982622584"}],"messages":[{"id":"wamid.HBgMMjUxOTgyNjIyNTg0FQIAERgSNDU3MUMxRkU5QjIwREJCNTIwAA=="}]}}
[2025-11-25 08:21:56] POST raw: {"object":"whatsapp_business_account","entry":[{"id":"1045071264380567","changes":[{"value":{"messaging_product":"whatsapp","metadata":{"display_phone_number":"15556164705","phone_number_id":"931811476671891"},"statuses":[{"id":"wamid.HBgMMjUxOTgyNjIyNTg0FQIAERgSNDU3MUMxRkU5QjIwREJCNTIwAA==","status":"sent","timestamp":"1764055315","recipient_id":"251982622584","pricing":{"billable":false,"pricing_model":"PMP","category":"service","type":"free_customer_service"}}]},"field":"messages"}]}]}
[2025-11-25 08:21:56] No message object in payload
[2025-11-25 08:21:56] POST raw: {"object":"whatsapp_business_account","entry":[{"id":"1045071264380567","changes":[{"value":{"messaging_product":"whatsapp","metadata":{"display_phone_number":"15556164705","phone_number_id":"931811476671891"},"statuses":[{"id":"wamid.HBgMMjUxOTgyNjIyNTg0FQIAERgSNDU3MUMxRkU5QjIwREJCNTIwAA==","status":"sent","timestamp":"1764055315","recipient_id":"251982622584","pricing":{"billable":false,"pricing_model":"PMP","category":"service","type":"free_customer_service"}}]},"field":"messages"}]}]}
[2025-11-25 08:21:56] No message object in payload
[2025-11-25 08:21:57] POST raw: {"object":"whatsapp_business_account","entry":[{"id":"1045071264380567","changes":[{"value":{"messaging_product":"whatsapp","metadata":{"display_phone_number":"15556164705","phone_number_id":"931811476671891"},"statuses":[{"id":"wamid.HBgMMjUxOTgyNjIyNTg0FQIAERgSNDU3MUMxRkU5QjIwREJCNTIwAA==","status":"delivered","timestamp":"1764055316","recipient_id":"251982622584","pricing":{"billable":false,"pricing_model":"PMP","category":"service","type":"free_customer_service"}}]},"field":"messages"}]}]}
[2025-11-25 08:21:57] No message object in payload
[2025-11-25 08:21:57] POST raw: {"object":"whatsapp_business_account","entry":[{"id":"1045071264380567","changes":[{"value":{"messaging_product":"whatsapp","metadata":{"display_phone_number":"15556164705","phone_number_id":"931811476671891"},"statuses":[{"id":"wamid.HBgMMjUxOTgyNjIyNTg0FQIAERgSNDU3MUMxRkU5QjIwREJCNTIwAA==","status":"delivered","timestamp":"1764055316","recipient_id":"251982622584","pricing":{"billable":false,"pricing_model":"PMP","category":"service","type":"free_customer_service"}}]},"field":"messages"}]}]}
[2025-11-25 08:21:57] No message object in payload
[2025-11-25 08:27:54] POST raw: {"object":"whatsapp_business_account","entry":[{"id":"1045071264380567","changes":[{"value":{"messaging_product":"whatsapp","metadata":{"display_phone_number":"15556164705","phone_number_id":"931811476671891"},"statuses":[{"id":"wamid.HBgMMjUxOTgyNjIyNTg0FQIAERgSMTZGNzFGQzc1MkYyNjhCODMwAA==","status":"read","timestamp":"1764054338","recipient_id":"251982622584","pricing":{"billable":false,"pricing_model":"PMP","category":"service","type":"free_customer_service"}}]},"field":"messages"}]}]}
[2025-11-25 08:27:54] No message object in payload
